WaterMark/WaterMark/build/outputs/logs/manifest-merger-debug-report.txt
-- Merging decision tree log ---
manifest
ADDED from WaterMark\AndroidManifest.xml:2:1-31:12
	package
		ADDED from WaterMark\AndroidManifest.xml:3:5-35
	android:versionName
		ADDED from WaterMark\AndroidManifest.xml:5:5-30
	android:versionCode
		ADDED from WaterMark\AndroidManifest.xml:4:5-28
		INJECTED from WaterMark\AndroidManifest.xml
		INJECTED from WaterMark\AndroidManifest.xml
	xmlns:android
		ADDED from WaterMark\AndroidManifest.xml:2:11-69
uses-sdk
ADDED from WaterMark\AndroidManifest.xml:7:5-9:41
	android:targetSdkVersion
		ADDED from WaterMark\AndroidManifest.xml:9:9-38
	android:minSdkVersion
		ADDED from WaterMark\AndroidManifest.xml:8:9-35
uses-permission#android.permission.WRITE_EXTERNAL_STORAGE
ADDED from WaterMark\AndroidManifest.xml:11:5-80
	android:name
		ADDED from WaterMark\AndroidManifest.xml:11:22-78
application
ADDED from WaterMark\AndroidManifest.xml:12:5-29:19
	android:label
		ADDED from WaterMark\AndroidManifest.xml:15:9-41
	android:allowBackup
		ADDED from WaterMark\AndroidManifest.xml:13:9-35
	android:icon
		ADDED from WaterMark\AndroidManifest.xml:14:9-45
	android:theme
		ADDED from WaterMark\AndroidManifest.xml:16:9-40
activity#com.lyshow.watermark.activity.MainActivity
ADDED from WaterMark\AndroidManifest.xml:17:9-25:20
	android:label
		ADDED from WaterMark\AndroidManifest.xml:19:13-45
	android:name
		ADDED from WaterMark\AndroidManifest.xml:18:13-70
intent-filter#android.intent.action.MAIN+android.intent.category.LAUNCHER
ADDED from WaterMark\AndroidManifest.xml:20:13-24:29
action#android.intent.action.MAIN
ADDED from WaterMark\AndroidManifest.xml:21:17-69
	android:name
		ADDED from WaterMark\AndroidManifest.xml:21:25-66
category#android.intent.category.LAUNCHER
ADDED from WaterMark\AndroidManifest.xml:23:17-77
	android:name
		ADDED from WaterMark\AndroidManifest.xml:23:27-74
activity#com.lyshow.watermark.activity.EditActivity
ADDED from WaterMark\AndroidManifest.xml:26:9-27:25
	android:name
		ADDED from WaterMark\AndroidManifest.xml:26:19-76
activity#com.lyshow.watermark.activity.ImageActivity
ADDED from WaterMark\AndroidManifest.xml:28:9-89
	android:name
		ADDED from WaterMark\AndroidManifest.xml:28:19-77